2025-10-23 09:31:34,468 - database_preferences - INFO - Config file does not exist: C:\Users\Daniel.Raven\OneDrive - Vertex, Inc\Documents\OSeries\Elite Services\Python\QTR_pairing_process\KLIK_KLAK_KONFIG.json
2025-10-23 09:31:34,469 - database_preferences - INFO - Config file does not exist: C:\Users\Daniel.Raven\OneDrive - Vertex, Inc\Documents\OSeries\Elite Services\Python\QTR_pairing_process\KLIK_KLAK_KONFIG.json
2025-10-23 09:31:34,475 - database_preferences - DEBUG - Config saved successfully to: C:\Users\Daniel.Raven\OneDrive - Vertex, Inc\Documents\OSeries\Elite Services\Python\QTR_pairing_process\KLIK_KLAK_KONFIG.json
2025-10-23 09:31:34,475 - database_preferences - INFO - Database preference saved: test.db at C:/test/path/test.db
2025-10-23 09:31:34,478 - database_preferences - DEBUG - Config loaded successfully from: C:\Users\Daniel.Raven\OneDrive - Vertex, Inc\Documents\OSeries\Elite Services\Python\QTR_pairing_process\KLIK_KLAK_KONFIG.json
2025-10-23 09:31:34,478 - database_preferences - INFO - Retrieved last database: test.db at C:/test/path/test.db
2025-10-23 09:31:34,590 - database_preferences - DEBUG - Config loaded successfully from: C:\Users\Daniel.Raven\OneDrive - Vertex, Inc\Documents\OSeries\Elite Services\Python\QTR_pairing_process\KLIK_KLAK_KONFIG.json
2025-10-23 09:31:34,590 - database_preferences - DEBUG - Config loaded successfully from: C:\Users\Daniel.Raven\OneDrive - Vertex, Inc\Documents\OSeries\Elite Services\Python\QTR_pairing_process\KLIK_KLAK_KONFIG.json
2025-10-23 09:31:34,592 - database_preferences - DEBUG - Config saved successfully to: C:\Users\Daniel.Raven\OneDrive - Vertex, Inc\Documents\OSeries\Elite Services\Python\QTR_pairing_process\KLIK_KLAK_KONFIG.json
2025-10-23 09:31:34,592 - database_preferences - INFO - Welcome message preference updated: False
2025-10-23 09:31:34,593 - database_preferences - DEBUG - Config loaded successfully from: C:\Users\Daniel.Raven\OneDrive - Vertex, Inc\Documents\OSeries\Elite Services\Python\QTR_pairing_process\KLIK_KLAK_KONFIG.json
2025-10-23 09:31:34,593 - database_preferences - WARNING - Database file not found: C:/test/path/test.db
2025-10-23 09:31:34,610 - database_preferences - INFO - Config backup created: C:\Users\Daniel.Raven\OneDrive - Vertex, Inc\Documents\OSeries\Elite Services\Python\QTR_pairing_process\KLIK_KLAK_KONFIG.backup_20251023_093134.json
2025-10-23 09:31:34,611 - database_preferences - DEBUG - Config loaded successfully from: C:\Users\Daniel.Raven\OneDrive - Vertex, Inc\Documents\OSeries\Elite Services\Python\QTR_pairing_process\KLIK_KLAK_KONFIG.json
2025-10-23 09:31:34,613 - database_preferences - DEBUG - Config saved successfully to: C:\Users\Daniel.Raven\OneDrive - Vertex, Inc\Documents\OSeries\Elite Services\Python\QTR_pairing_process\KLIK_KLAK_KONFIG.json
2025-10-23 09:31:34,613 - database_preferences - INFO - Database preference cleared
2025-10-23 09:31:34,614 - database_preferences - DEBUG - Config loaded successfully from: C:\Users\Daniel.Raven\OneDrive - Vertex, Inc\Documents\OSeries\Elite Services\Python\QTR_pairing_process\KLIK_KLAK_KONFIG.json
2025-10-23 09:31:34,614 - database_preferences - INFO - No previous database configuration found
2025-10-23 09:31:56,007 - database_preferences - INFO - No previous database configuration found
2025-10-23 09:37:04,235 - database_preferences - INFO - No previous database configuration found
2025-10-23 09:37:10,327 - database_preferences - INFO - Database preference saved: dapper badgers.db at C:/Users/Daniel.Raven
2025-10-23 09:37:23,416 - database_preferences - INFO - Retrieved last database: dapper badgers.db at C:/Users/Daniel.Raven
2025-10-23 09:37:23,416 - database_preferences - WARNING - Database file not found: C:/Users/Daniel.Raven
2025-10-23 09:37:47,336 - database_preferences - INFO - Database preference saved: dapper badgers.db at C:/Users/Daniel.Raven
2025-10-23 09:38:50,579 - database_preferences - INFO - Retrieved last database: dapper badgers.db at C:/Users/Daniel.Raven
2025-10-23 09:38:50,579 - database_preferences - WARNING - Database file not found: C:/Users/Daniel.Raven
2025-10-23 09:39:08,824 - database_preferences - INFO - Database preference saved: dapper badgers.db at C:/Users/Daniel.Raven
2025-10-23 09:42:33,478 - database_preferences - DEBUG - Config loaded successfully from: C:\Users\Daniel.Raven\OneDrive - Vertex, Inc\Documents\OSeries\Elite Services\Python\QTR_pairing_process\KLIK_KLAK_KONFIG.json
2025-10-23 09:42:33,478 - database_preferences - INFO - Retrieved last database: dapper badgers.db at C:/Users/Daniel.Raven
2025-10-23 09:42:33,478 - database_preferences - DEBUG - Database validation successful: C:\Users\Daniel.Raven\dapper badgers.db
2025-10-23 09:42:33,478 - database_preferences - DEBUG - Database validation successful: C:\Users\Daniel.Raven\dapper badgers.db
2025-10-23 09:44:05,974 - database_preferences - DEBUG - Config loaded successfully from: C:\Users\Daniel.Raven\OneDrive - Vertex, Inc\Documents\OSeries\Elite Services\Python\QTR_pairing_process\KLIK_KLAK_KONFIG.json
2025-10-23 09:44:05,975 - database_preferences - INFO - Retrieved last database: dapper badgers.db at C:/Users/Daniel.Raven
2025-10-23 09:44:05,976 - database_preferences - DEBUG - Database validation successful: C:\Users\Daniel.Raven\dapper badgers.db
2025-10-23 09:44:52,032 - database_preferences - DEBUG - Config loaded successfully from: C:\Users\Daniel.Raven\OneDrive - Vertex, Inc\Documents\OSeries\Elite Services\Python\QTR_pairing_process\KLIK_KLAK_KONFIG.json
2025-10-23 09:44:52,032 - database_preferences - INFO - Retrieved last database: dapper badgers.db at C:/Users/Daniel.Raven
2025-10-23 09:44:52,033 - database_preferences - DEBUG - Database validation successful: C:\Users\Daniel.Raven\dapper badgers.db
2025-10-23 09:44:52,859 - database_preferences - DEBUG - Config loaded successfully from: C:\Users\Daniel.Raven\OneDrive - Vertex, Inc\Documents\OSeries\Elite Services\Python\QTR_pairing_process\KLIK_KLAK_KONFIG.json
2025-10-23 09:48:55,487 - database_preferences - INFO - Retrieved last database: dapper badgers.db at C:/Users/Daniel.Raven
2025-10-23 09:54:25,089 - database_preferences - INFO - Retrieved last database: dapper badgers.db at C:/Users/Daniel.Raven
2025-10-23 09:54:36,485 - database_preferences - INFO - Retrieved last database: dapper badgers.db at C:/Users/Daniel.Raven
2025-10-23 09:54:51,852 - database_preferences - INFO - Welcome message preference updated: True
2025-10-23 10:15:54,527 - database_preferences - INFO - Retrieved last database: dapper badgers.db at C:/Users/Daniel.Raven
2025-10-23 10:18:05,243 - database_preferences - INFO - Welcome message preference updated: True
2025-10-23 10:18:50,489 - database_preferences - INFO - Retrieved last database: dapper badgers.db at C:/Users/Daniel.Raven
2025-10-23 10:18:59,095 - database_preferences - INFO - Welcome message preference updated: True
2025-10-23 10:22:19,416 - database_preferences - INFO - Retrieved last database: dapper badgers.db at C:/Users/Daniel.Raven
2025-10-23 10:23:38,120 - database_preferences - INFO - Retrieved last database: dapper badgers.db at C:/Users/Daniel.Raven
2025-10-23 10:25:29,746 - database_preferences - INFO - Welcome message preference updated: True
2025-10-23 10:25:32,339 - database_preferences - INFO - Welcome message preference updated: True
2025-10-23 10:25:49,352 - database_preferences - INFO - Retrieved last database: dapper badgers.db at C:/Users/Daniel.Raven
2025-10-23 10:25:54,340 - database_preferences - INFO - Welcome message preference updated: True
2025-10-23 10:52:19,245 - database_preferences - INFO - Retrieved last database: dapper badgers.db at C:/Users/Daniel.Raven
2025-10-23 10:53:39,992 - database_preferences - INFO - Welcome message preference updated: True
2025-10-23 10:55:03,267 - database_preferences - INFO - Retrieved last database: dapper badgers.db at C:/Users/Daniel.Raven
2025-10-23 10:59:06,216 - database_preferences - INFO - Retrieved last database: dapper badgers.db at C:/Users/Daniel.Raven
2025-10-23 10:59:10,677 - database_preferences - INFO - Welcome message preference updated: True
2025-10-23 11:02:11,198 - database_preferences - INFO - Welcome message preference updated: True
2025-10-23 11:06:39,479 - database_preferences - INFO - Retrieved last database: dapper badgers.db at C:/Users/Daniel.Raven
2025-10-23 11:09:11,471 - database_preferences - INFO - Welcome message preference updated: True
2025-10-23 11:12:46,093 - database_preferences - INFO - Retrieved last database: dapper badgers.db at C:/Users/Daniel.Raven
2025-10-23 11:12:50,372 - database_preferences - INFO - Welcome message preference updated: True
2025-10-23 11:13:40,558 - database_preferences - INFO - Retrieved last database: dapper badgers.db at C:/Users/Daniel.Raven
2025-10-23 11:13:50,273 - database_preferences - INFO - Welcome message preference updated: True
2025-10-23 11:14:53,774 - database_preferences - INFO - Retrieved last database: dapper badgers.db at C:/Users/Daniel.Raven
2025-10-23 11:15:26,790 - database_preferences - INFO - Welcome message preference updated: True
2025-10-23 11:25:03,459 - database_preferences - DEBUG - Config loaded successfully from: C:\Users\Daniel.Raven\OneDrive - Vertex, Inc\Documents\OSeries\Elite Services\Python\QTR_pairing_process\KLIK_KLAK_KONFIG.json
2025-10-23 11:25:03,460 - database_preferences - INFO - Retrieved last database: dapper badgers.db at C:/Users/Daniel.Raven
2025-10-23 11:25:03,461 - database_preferences - DEBUG - Database validation successful: C:\Users\Daniel.Raven\dapper badgers.db
2025-10-23 11:25:04,670 - database_preferences - DEBUG - Config loaded successfully from: C:\Users\Daniel.Raven\OneDrive - Vertex, Inc\Documents\OSeries\Elite Services\Python\QTR_pairing_process\KLIK_KLAK_KONFIG.json
2025-10-23 11:27:03,848 - database_preferences - INFO - Retrieved last database: dapper badgers.db at C:/Users/Daniel.Raven
2025-10-23 11:27:08,566 - database_preferences - INFO - Welcome message preference updated: True
2025-10-23 11:27:34,143 - database_preferences - DEBUG - Config loaded successfully from: C:\Users\Daniel.Raven\OneDrive - Vertex, Inc\Documents\OSeries\Elite Services\Python\QTR_pairing_process\KLIK_KLAK_KONFIG.json
2025-10-23 11:27:34,162 - database_preferences - DEBUG - Config saved successfully to: C:\Users\Daniel.Raven\OneDrive - Vertex, Inc\Documents\OSeries\Elite Services\Python\QTR_pairing_process\KLIK_KLAK_KONFIG.json
2025-10-23 11:27:34,162 - database_preferences - INFO - Welcome message preference updated: True
2025-10-23 11:43:27,723 - database_preferences - INFO - Retrieved last database: dapper badgers.db at C:/Users/Daniel.Raven
2025-10-23 11:43:33,014 - database_preferences - INFO - Welcome message preference updated: True
2025-10-23 11:43:36,621 - database_preferences - INFO - Retrieved last database: dapper badgers.db at C:/Users/Daniel.Raven
2025-10-23 11:43:41,418 - database_preferences - INFO - Welcome message preference updated: False
2025-10-23 11:43:48,832 - database_preferences - INFO - Retrieved last database: dapper badgers.db at C:/Users/Daniel.Raven
2025-10-23 11:43:53,415 - database_preferences - INFO - Config backup created: C:\Users\Daniel.Raven\OneDrive - Vertex, Inc\Documents\OSeries\Elite Services\Python\QTR_pairing_process\KLIK_KLAK_KONFIG.backup_20251023_114353.json
2025-10-23 11:44:24,246 - database_preferences - INFO - Retrieved last database: dapper badgers.db at C:/Users/Daniel.Raven
2025-10-23 11:56:46,744 - database_preferences - INFO - Retrieved last database: dapper badgers.db at C:/Users/Daniel.Raven
2025-10-23 12:11:16,034 - database_preferences - INFO - Retrieved last database: dapper badgers.db at C:/Users/Daniel.Raven
2025-10-23 12:44:37,076 - database_preferences - INFO - Retrieved last database: dapper badgers.db at C:/Users/Daniel.Raven
2025-11-03 13:13:42,246 - database_preferences - INFO - Retrieved last database: dapper badgers.db at C:/Users/Daniel.Raven
2025-11-03 13:34:54,084 - database_preferences - INFO - Retrieved last database: dapper badgers.db at C:/Users/Daniel.Raven
2025-11-03 17:57:02,764 - database_preferences - INFO - Retrieved last database: dapper badgers.db at C:/Users/Daniel.Raven
2025-11-03 18:27:27,077 - database_preferences - INFO - Retrieved last database: dapper badgers.db at C:/Users/Daniel.Raven
2025-11-03 18:29:23,243 - database_preferences - INFO - Retrieved last database: dapper badgers.db at C:/Users/Daniel.Raven
2025-11-03 18:32:05,748 - database_preferences - INFO - Retrieved last database: dapper badgers.db at C:/Users/Daniel.Raven
2025-11-03 18:35:16,573 - database_preferences - INFO - Retrieved last database: dapper badgers.db at C:/Users/Daniel.Raven
2025-11-03 18:39:52,260 - database_preferences - INFO - Retrieved last database: dapper badgers.db at C:/Users/Daniel.Raven
2025-11-03 18:40:48,473 - database_preferences - INFO - Retrieved last database: dapper badgers.db at C:/Users/Daniel.Raven
2025-11-03 18:41:32,813 - database_preferences - INFO - Retrieved last database: dapper badgers.db at C:/Users/Daniel.Raven
2025-11-03 18:45:28,356 - database_preferences - INFO - Retrieved last database: dapper badgers.db at C:/Users/Daniel.Raven
2025-11-03 18:47:40,935 - database_preferences - INFO - Retrieved last database: dapper badgers.db at C:/Users/Daniel.Raven
2025-11-04 08:19:39,039 - database_preferences - INFO - Retrieved last database: dapper badgers.db at C:/Users/Daniel.Raven
2025-11-04 09:07:38,904 - database_preferences - INFO - Retrieved last database: dapper badgers.db at C:/Users/Daniel.Raven
2025-11-04 09:09:43,804 - database_preferences - INFO - Retrieved last database: dapper badgers.db at C:/Users/Daniel.Raven
2025-11-04 09:13:45,379 - database_preferences - INFO - Retrieved last database: dapper badgers.db at C:/Users/Daniel.Raven
2025-11-04 09:35:38,885 - database_preferences - INFO - Retrieved last database: dapper badgers.db at C:/Users/Daniel.Raven
2025-11-04 09:47:48,777 - database_preferences - INFO - Retrieved last database: dapper badgers.db at C:/Users/Daniel.Raven
2025-11-04 09:57:01,454 - database_preferences - INFO - Retrieved last database: dapper badgers.db at C:/Users/Daniel.Raven
2025-11-04 09:59:21,940 - database_preferences - INFO - Retrieved last database: dapper badgers.db at C:/Users/Daniel.Raven
2025-11-04 10:10:13,771 - database_preferences - INFO - Retrieved last database: dapper badgers.db at C:/Users/Daniel.Raven
2025-11-04 10:13:32,584 - database_preferences - INFO - Retrieved last database: dapper badgers.db at C:/Users/Daniel.Raven
2025-11-04 10:15:40,892 - database_preferences - INFO - Retrieved last database: dapper badgers.db at C:/Users/Daniel.Raven
2025-11-04 10:15:40,897 - database_preferences - INFO - Database preference saved: dapper badgers.db at C:/Users/Daniel.Raven
2025-11-04 12:13:21,259 - database_preferences - INFO - Retrieved last database: dapper badgers.db at C:/Users/Daniel.Raven
2025-11-04 12:13:21,267 - database_preferences - INFO - Database preference saved: dapper badgers.db at C:/Users/Daniel.Raven
2025-11-04 15:12:17,623 - database_preferences - INFO - Retrieved last database: dapper badgers.db at C:/Users/Daniel.Raven
2025-11-04 15:12:17,632 - database_preferences - INFO - Database preference saved: dapper badgers.db at C:/Users/Daniel.Raven
2025-11-04 15:38:56,206 - database_preferences - INFO - Retrieved last database: dapper badgers.db at C:/Users/Daniel.Raven
2025-11-04 15:38:56,211 - database_preferences - INFO - Database preference saved: dapper badgers.db at C:/Users/Daniel.Raven
2025-11-04 15:50:47,951 - database_preferences - INFO - Retrieved last database: dapper badgers.db at C:/Users/Daniel.Raven
2025-11-04 15:50:47,956 - database_preferences - INFO - Database preference saved: dapper badgers.db at C:/Users/Daniel.Raven
2025-11-04 15:55:43,044 - database_preferences - INFO - Retrieved last database: dapper badgers.db at C:/Users/Daniel.Raven
2025-11-04 15:55:43,048 - database_preferences - INFO - Database preference saved: dapper badgers.db at C:/Users/Daniel.Raven
2025-11-04 16:03:46,761 - database_preferences - INFO - Retrieved last database: dapper badgers.db at C:/Users/Daniel.Raven
2025-11-04 16:03:46,761 - database_preferences - INFO - Database preference saved: dapper badgers.db at C:/Users/Daniel.Raven
2025-11-04 16:10:16,984 - database_preferences - INFO - Retrieved last database: dapper badgers.db at C:/Users/Daniel.Raven
2025-11-04 16:10:17,000 - database_preferences - INFO - Database preference saved: dapper badgers.db at C:/Users/Daniel.Raven
2025-11-05 08:47:53,568 - database_preferences - INFO - Retrieved last database: dapper badgers.db at C:/Users/Daniel.Raven
2025-11-05 08:47:53,576 - database_preferences - INFO - Database preference saved: dapper badgers.db at C:/Users/Daniel.Raven
2025-11-05 08:49:17,489 - database_preferences - INFO - Retrieved last database: dapper badgers.db at C:/Users/Daniel.Raven
2025-11-05 08:49:17,493 - database_preferences - INFO - Database preference saved: dapper badgers.db at C:/Users/Daniel.Raven
2025-11-05 08:51:55,475 - database_preferences - INFO - Retrieved last database: dapper badgers.db at C:/Users/Daniel.Raven
2025-11-05 08:51:55,481 - database_preferences - INFO - Database preference saved: dapper badgers.db at C:/Users/Daniel.Raven
2025-11-05 08:54:26,051 - database_preferences - INFO - Retrieved last database: dapper badgers.db at C:/Users/Daniel.Raven
2025-11-05 08:54:26,051 - database_preferences - INFO - Database preference saved: dapper badgers.db at C:/Users/Daniel.Raven
2025-11-05 09:14:57,631 - database_preferences - INFO - Retrieved last database: dapper badgers.db at C:/Users/Daniel.Raven
2025-11-05 09:14:57,631 - database_preferences - INFO - Database preference saved: dapper badgers.db at C:/Users/Daniel.Raven
2025-11-05 09:17:48,996 - database_preferences - INFO - Retrieved last database: dapper badgers.db at C:/Users/Daniel.Raven
2025-11-05 09:17:49,014 - database_preferences - INFO - Database preference saved: dapper badgers.db at C:/Users/Daniel.Raven
2025-11-05 09:19:22,346 - database_preferences - INFO - Retrieved last database: dapper badgers.db at C:/Users/Daniel.Raven
2025-11-05 09:19:22,358 - database_preferences - INFO - Database preference saved: dapper badgers.db at C:/Users/Daniel.Raven
2025-11-05 09:20:06,082 - database_preferences - INFO - Retrieved last database: dapper badgers.db at C:/Users/Daniel.Raven
2025-11-05 09:20:06,086 - database_preferences - INFO - Database preference saved: dapper badgers.db at C:/Users/Daniel.Raven
2025-11-05 09:21:12,427 - database_preferences - INFO - Retrieved last database: dapper badgers.db at C:/Users/Daniel.Raven
2025-11-05 09:21:12,428 - database_preferences - INFO - Database preference saved: dapper badgers.db at C:/Users/Daniel.Raven
2025-11-05 09:22:18,556 - database_preferences - INFO - Retrieved last database: dapper badgers.db at C:/Users/Daniel.Raven
2025-11-05 09:22:18,559 - database_preferences - INFO - Database preference saved: dapper badgers.db at C:/Users/Daniel.Raven
2025-11-05 09:23:24,441 - database_preferences - INFO - Retrieved last database: dapper badgers.db at C:/Users/Daniel.Raven
2025-11-05 09:23:24,444 - database_preferences - INFO - Database preference saved: dapper badgers.db at C:/Users/Daniel.Raven
2025-11-05 09:24:16,346 - database_preferences - INFO - Retrieved last database: dapper badgers.db at C:/Users/Daniel.Raven
2025-11-05 09:24:16,346 - database_preferences - INFO - Database preference saved: dapper badgers.db at C:/Users/Daniel.Raven
2025-11-05 09:24:59,627 - database_preferences - INFO - Retrieved last database: dapper badgers.db at C:/Users/Daniel.Raven
2025-11-05 09:24:59,632 - database_preferences - INFO - Database preference saved: dapper badgers.db at C:/Users/Daniel.Raven
